<?xml version="1.0" encoding="UTF-8"?>
<testng-results ignored="0" total="1" passed="1" failed="0" skipped="0">
  <reporter-output>
  </reporter-output>
  <suite started-at="2021-07-03T13:46:32Z" name="Default suite" finished-at="2021-07-03T13:46:45Z" duration-ms="12926">
    <groups>
    </groups>
    <test started-at="2021-07-03T13:46:32Z" name="Default test" finished-at="2021-07-03T13:46:45Z" duration-ms="12926">
      <class name="TestCase">
        <test-method signature="createCoupon()[pri:0, instance:TestCase@74751b3]" started-at="2021-07-03T13:46:32Z" name="createCoupon" finished-at="2021-07-03T13:46:45Z" duration-ms="12911" status="PASS">
          <reporter-output>
          </reporter-output>
        </test-method> <!-- createCoupon -->
      </class> <!-- TestCase -->
    </test> <!-- Default test -->
  </suite> <!-- Default suite -->
</testng-results>
